<?xml version="1.0" encoding="UTF-8"?><testsuite errors="1" failures="0" name="Servicio de Prueba" skipped="0" tests="1" time="1.28" timestamp="2022-08-09 10:02:50"><testcase name="Consultar si el juego se encuentra en la lista"><error message="Step [que la aplicación este operativo] is defined with 1 parameters at 'com.everis.base.stepDefinitions.Evalua2SD.queLaAplicaciónEsteOperativo(int)'.&#10;However, the gherkin step has 0 arguments.&#10;Step text: que la aplicación este operativo" type="io.cucumber.core.exception.CucumberException">Step [que la aplicación este operativo] is defined with 1 parameters at 'com.everis.base.stepDefinitions.Evalua2SD.queLaAplicaciónEsteOperativo(int)'.
However, the gherkin step has 0 arguments.
Step text: que la aplicación este operativo</error><system-err>Step [que la aplicación este operativo] is defined with 1 parameters at 'com.everis.base.stepDefinitions.Evalua2SD.queLaAplicaciónEsteOperativo(int)'.
However, the gherkin step has 0 arguments.
Step text: que la aplicación este operativo&#13;
io.cucumber.core.runner.PickleStepDefinitionMatch.arityMismatch(PickleStepDefinitionMatch.java:134)&#13;
io.cucumber.core.runner.PickleStepDefinitionMatch.runStep(PickleStepDefinitionMatch.java:42)&#13;
io.cucumber.core.runner.TestStep.executeStep(TestStep.java:64)&#13;
io.cucumber.core.runner.TestStep.run(TestStep.java:49)&#13;
io.cucumber.core.runner.PickleStepTestStep.run(PickleStepTestStep.java:46)&#13;
io.cucumber.core.runner.TestCase.run(TestCase.java:51)&#13;
io.cucumber.core.runner.Runner.runPickle(Runner.java:66)&#13;
io.cucumber.junit.FeatureRunner.runChild(FeatureRunner.java:83)&#13;
io.cucumber.junit.FeatureRunner.runChild(FeatureRunner.java:24)&#13;
io.cucumber.junit.CucumberSerenityRunner.runChild(CucumberSerenityRunner.java:227)&#13;
io.cucumber.junit.CucumberSerenityRunner.runChild(CucumberSerenityRunner.java:54)&#13;
</system-err></testcase></testsuite>